\BOOKMARK [1][-]{section.1}{\376\377\116\000\060\001\225\356\230\230\221\315\217\360}{}% 1
\BOOKMARK [2][-]{subsection.1.1}{\376\377\0001\000.\0001\000\040\225\356\230\230\200\314\146\157}{section.1}% 2
\BOOKMARK [2][-]{subsection.1.2}{\376\377\0001\000.\0002\000\040\225\356\230\230\116\000\377\032\227\131\140\001\163\257\130\203\116\013\166\204\217\146\217\206\214\003\136\246}{section.1}% 3
\BOOKMARK [2][-]{subsection.1.3}{\376\377\0001\000.\0003\000\040\225\356\230\230\116\214\377\032\176\377\202\162\226\120\210\114\145\077\173\126\116\013\166\204\217\146\217\206\214\003\136\246}{section.1}% 4
\BOOKMARK [2][-]{subsection.1.4}{\376\377\0001\000.\0004\000\040\225\356\230\230\116\011\377\032\122\250\140\001\116\213\116\366\116\013\166\204\133\236\145\366\214\003\136\246\173\126\165\145}{section.1}% 5
\BOOKMARK [1][-]{section.2}{\376\377\116\214\060\001\225\356\230\230\122\006\147\220}{}% 6
\BOOKMARK [2][-]{subsection.2.1}{\376\377\0002\000.\0001\000\040\121\150\230\230\142\200\147\057\215\357\176\277}{section.2}% 7
\BOOKMARK [2][-]{subsection.2.2}{\376\377\0002\000.\0002\000\040\173\054\116\000\225\356\122\006\147\220}{section.2}% 8
\BOOKMARK [2][-]{subsection.2.3}{\376\377\0002\000.\0003\000\040\173\054\116\214\225\356\122\006\147\220}{section.2}% 9
\BOOKMARK [2][-]{subsection.2.4}{\376\377\0002\000.\0004\000\040\173\054\116\011\225\356\122\006\147\220}{section.2}% 10
\BOOKMARK [2][-]{subsection.2.5}{\376\377\0002\000.\0005\000\040\122\033\145\260\160\271\116\016\213\301\143\156\224\376\133\211\143\222}{section.2}% 11
\BOOKMARK [1][-]{section.3}{\376\377\116\011\060\001\152\041\127\213\120\107\213\276}{}% 12
\BOOKMARK [1][-]{section.4}{\376\377\126\333\060\001\173\046\123\367\213\364\146\016}{}% 13
\BOOKMARK [1][-]{section.5}{\376\377\116\224\060\001\145\160\143\156\230\204\131\004\164\006}{}% 14
\BOOKMARK [2][-]{subsection.5.1}{\376\377\0005\000.\0001\000\040\123\237\131\313\213\242\123\125\200\132\124\010}{section.5}% 15
\BOOKMARK [2][-]{subsection.5.2}{\376\377\0005\000.\0002\000\040\215\205\133\271\221\317\133\242\142\067\142\306\122\006\116\016\206\132\142\337\147\015\122\241\202\202\160\271}{section.5}% 16
\BOOKMARK [2][-]{subsection.5.3}{\376\377\0005\000.\0003\000\040\176\377\202\162\221\115\220\001\123\072\122\044\133\232}{section.5}% 17
\BOOKMARK [2][-]{subsection.5.4}{\376\377\0005\000.\0004\000\040\145\366\225\364\060\001\215\335\171\273\116\016\202\202\160\271\146\040\134\004}{section.5}% 18
\BOOKMARK [2][-]{subsection.5.5}{\376\377\0005\000.\0005\000\040\230\204\131\004\164\006\215\050\221\317\143\247\122\066}{section.5}% 19
\BOOKMARK [1][-]{section.6}{\376\377\121\155\060\001\152\041\127\213\136\372\172\313\116\016\154\102\211\343}{}% 20
\BOOKMARK [2][-]{subsection.6.1}{\376\377\0006\000.\0001\000\040\121\154\121\161\145\366\123\330\137\002\147\204\217\146\226\037\221\115\220\001\152\041\127\213}{section.6}% 21
\BOOKMARK [2][-]{subsection.6.2}{\376\377\0006\000.\0002\000\040\173\054\116\000\225\356\377\032\227\131\140\001\214\003\136\246\152\041\127\213\116\016\154\102\211\343}{section.6}% 22
\BOOKMARK [2][-]{subsection.6.3}{\376\377\0006\000.\0003\000\040\173\054\116\214\225\356\377\032\176\377\202\162\226\120\210\114\170\154\176\246\147\137\152\041\127\213\116\016\154\102\211\343}{section.6}% 23
\BOOKMARK [2][-]{subsection.6.4}{\376\377\0006\000.\0004\000\040\173\054\116\011\225\356\377\032\116\213\116\366\232\161\122\250\156\332\122\250\145\366\127\337\122\250\140\001\124\315\136\224\152\041\127\213}{section.6}% 24
\BOOKMARK [1][-]{section.7}{\376\377\116\003\060\001\152\041\127\213\150\300\232\214\116\016\145\117\141\037\140\047\122\006\147\220}{}% 25
\BOOKMARK [2][-]{subsection.7.1}{\376\377\0007\000.\0001\000\040\170\154\123\357\210\114\140\047\150\300\232\214}{section.7}% 26
\BOOKMARK [2][-]{subsection.7.2}{\376\377\0007\000.\0002\000\040\142\020\147\054\221\315\147\204\150\300\232\214}{section.7}% 27
\BOOKMARK [2][-]{subsection.7.3}{\376\377\0007\000.\0003\000\040\173\054\116\000\225\356\172\063\133\232\140\047\116\016\217\337\122\060\213\312\145\255}{section.7}% 28
\BOOKMARK [2][-]{subsection.7.4}{\376\377\0007\000.\0004\000\040\173\054\116\214\225\356\145\077\173\126\176\323\147\204\116\016\147\015\122\241\215\050\221\317\147\103\210\141}{section.7}% 29
\BOOKMARK [2][-]{subsection.7.5}{\376\377\0007\000.\0005\000\040\173\054\116\011\225\356\122\250\140\001\116\213\116\366\124\315\136\224\150\300\232\214}{section.7}% 30
\BOOKMARK [2][-]{subsection.7.6}{\376\377\0007\000.\0006\000\040\213\357\135\356\147\145\156\220\122\006\147\220}{section.7}% 31
\BOOKMARK [1][-]{section.8}{\376\377\121\153\060\001\152\041\127\213\213\304\116\367\116\016\145\071\217\333\145\271\124\021}{}% 32
\BOOKMARK [2][-]{subsection.8.1}{\376\377\0008\000.\0001\000\040\152\041\127\213\117\030\160\271}{section.8}% 33
\BOOKMARK [2][-]{subsection.8.2}{\376\377\0008\000.\0002\000\040\152\041\127\213\220\002\165\050\217\271\165\114}{section.8}% 34
\BOOKMARK [2][-]{subsection.8.3}{\376\377\0008\000.\0003\000\040\145\071\217\333\145\271\124\021}{section.8}% 35
\BOOKMARK [1][-]{appendix.A}{\376\377\226\104\137\125\213\364\146\016}{}% 36
\BOOKMARK [2][-]{subsection.A.1}{\376\377\226\104\137\125\000\040\000A\377\032\145\057\144\221\147\120\145\231\145\207\116\366\122\027\210\150}{appendix.A}% 37
\BOOKMARK [2][-]{subsection.A.2}{\376\377\226\104\137\125\000\040\000B\377\032\123\357\131\015\163\260\124\175\116\344}{appendix.A}% 38
\BOOKMARK [2][-]{subsection.A.3}{\376\377\226\104\137\125\000\040\000C\377\032\121\163\225\056\133\236\163\260\116\343\170\001\144\130\137\125}{appendix.A}% 39
\BOOKMARK [2][-]{subsection.A.4}{\376\377\226\104\137\125\000\040\000D\377\032\225\177\210\150\116\016\126\376\210\150\213\364\146\016}{appendix.A}% 40
